Obtaining file:///home/guests/jom/nnUNet
  Preparing metadata (setup.py): started
  Preparing metadata (setup.py): finished with status 'done'
Requirement already satisfied: torch>=1.6.0a in /home/guests/jom/venv/lib/python3.8/site-packages (from nnunet==1.7.0) (1.8.1+cu101)
Requirement already satisfied: tqdm in /home/guests/jom/venv/lib/python3.8/site-packages (from nnunet==1.7.0) (4.64.0)
Collecting dicom2nifti
  Using cached dicom2nifti-2.3.4.tar.gz (35 kB)
  Preparing metadata (setup.py): started
  Preparing metadata (setup.py): finished with status 'done'
Collecting scikit-image>=0.14
  Using cached scikit_image-0.19.3-cp38-cp38-manylinux_2_17_x86_64.manylinux2014_x86_64.whl (14.0 MB)
Collecting medpy
  Using cached MedPy-0.4.0.tar.gz (151 kB)
  Preparing metadata (setup.py): started
  Preparing metadata (setup.py): finished with status 'done'
Collecting scipy
  Downloading scipy-1.8.1-cp38-cp38-manylinux_2_17_x86_64.manylinux2014_x86_64.whl (41.6 MB)
     ━━━━━━━━━━━━━━━━━━━━━━━━━━━━━━━━━━━━━━━━ 41.6/41.6 MB 6.1 MB/s eta 0:00:00
Collecting batchgenerators>=0.23
  Using cached batchgenerators-0.24.tar.gz (61 kB)
  Preparing metadata (setup.py): started
  Preparing metadata (setup.py): finished with status 'done'
Requirement already satisfied: numpy in /home/guests/jom/venv/lib/python3.8/site-packages (from nnunet==1.7.0) (1.22.4)
Collecting sklearn
  Using cached sklearn-0.0.tar.gz (1.1 kB)
  Preparing metadata (setup.py): started
  Preparing metadata (setup.py): finished with status 'done'
Collecting SimpleITK
  Using cached SimpleITK-2.1.1.2-cp38-cp38-manylinux_2_12_x86_64.manylinux2010_x86_64.whl (48.4 MB)
Collecting pandas
  Downloading pandas-1.4.2-cp38-cp38-manylinux_2_17_x86_64.manylinux2014_x86_64.whl (11.7 MB)
     ━━━━━━━━━━━━━━━━━━━━━━━━━━━━━━━━━━━━━━━━ 11.7/11.7 MB 20.8 MB/s eta 0:00:00
Collecting requests
  Using cached requests-2.28.0-py3-none-any.whl (62 kB)
Collecting nibabel
  Using cached nibabel-3.2.2-py3-none-any.whl (3.3 MB)
Collecting tifffile
  Using cached tifffile-2022.5.4-py3-none-any.whl (195 kB)
Collecting matplotlib
  Using cached matplotlib-3.5.2-cp38-cp38-manylinux_2_5_x86_64.manylinux1_x86_64.whl (11.3 MB)
Requirement already satisfied: pillow>=7.1.2 in /home/guests/jom/venv/lib/python3.8/site-packages (from batchgenerators>=0.23->nnunet==1.7.0) (9.1.1)
Collecting scikit-learn
  Downloading scikit_learn-1.1.1-cp38-cp38-manylinux_2_17_x86_64.manylinux2014_x86_64.whl (31.2 MB)
     ━━━━━━━━━━━━━━━━━━━━━━━━━━━━━━━━━━━━━━━━ 31.2/31.2 MB 16.5 MB/s eta 0:00:00
Collecting future
  Using cached future-0.18.2.tar.gz (829 kB)
  Preparing metadata (setup.py): started
  Preparing metadata (setup.py): finished with status 'done'
Collecting unittest2
  Using cached unittest2-1.1.0-py2.py3-none-any.whl (96 kB)
Collecting threadpoolctl
  Using cached threadpoolctl-3.1.0-py3-none-any.whl (14 kB)
Collecting packaging>=20.0
  Using cached packaging-21.3-py3-none-any.whl (40 kB)
Collecting PyWavelets>=1.1.1
  Downloading PyWavelets-1.3.0-cp38-cp38-manylinux_2_17_x86_64.manylinux2014_x86_64.whl (6.9 MB)
     ━━━━━━━━━━━━━━━━━━━━━━━━━━━━━━━━━━━━━━━━ 6.9/6.9 MB 22.8 MB/s eta 0:00:00
Collecting imageio>=2.4.1
  Using cached imageio-2.19.3-py3-none-any.whl (3.4 MB)
Collecting networkx>=2.2
  Using cached networkx-2.8.4-py3-none-any.whl (2.0 MB)
Requirement already satisfied: typing-extensions in /home/guests/jom/venv/lib/python3.8/site-packages (from torch>=1.6.0a->nnunet==1.7.0) (4.2.0)
Collecting pydicom>=1.3.0
  Using cached pydicom-2.3.0-py3-none-any.whl (2.0 MB)
Collecting cycler>=0.10
  Using cached cycler-0.11.0-py3-none-any.whl (6.4 kB)
Collecting python-dateutil>=2.7
  Using cached python_dateutil-2.8.2-py2.py3-none-any.whl (247 kB)
Collecting kiwisolver>=1.0.1
  Downloading kiwisolver-1.4.3-cp38-cp38-manylinux_2_5_x86_64.manylinux1_x86_64.whl (1.2 MB)
     ━━━━━━━━━━━━━━━━━━━━━━━━━━━━━━━━━━━━━━━━ 1.2/1.2 MB 13.1 MB/s eta 0:00:00
Collecting pyparsing>=2.2.1
  Using cached pyparsing-3.0.9-py3-none-any.whl (98 kB)
Collecting fonttools>=4.22.0
  Downloading fonttools-4.33.3-py3-none-any.whl (930 kB)
     ━━━━━━━━━━━━━━━━━━━━━━━━━━━━━━━━━━━━━━━ 930.9/930.9 kB 9.9 MB/s eta 0:00:00
Requirement already satisfied: setuptools in /home/guests/jom/venv/lib/python3.8/site-packages (from nibabel->nnunet==1.7.0) (41.2.0)
Collecting pytz>=2020.1
  Downloading pytz-2022.1-py2.py3-none-any.whl (503 kB)
     ━━━━━━━━━━━━━━━━━━━━━━━━━━━━━━━━━━━━━━━ 503.5/503.5 kB 6.7 MB/s eta 0:00:00
Collecting idna<4,>=2.5
  Using cached idna-3.3-py3-none-any.whl (61 kB)
Collecting urllib3<1.27,>=1.21.1
  Downloading urllib3-1.26.9-py2.py3-none-any.whl (138 kB)
     ━━━━━━━━━━━━━━━━━━━━━━━━━━━━━━━━━━━━━━━ 139.0/139.0 kB 2.1 MB/s eta 0:00:00
Collecting charset-normalizer~=2.0.0
  Downloading charset_normalizer-2.0.12-py3-none-any.whl (39 kB)
Collecting certifi>=2017.4.17
  Downloading certifi-2022.6.15-py3-none-any.whl (160 kB)
     ━━━━━━━━━━━━━━━━━━━━━━━━━━━━━━━━━━━━━━━ 160.2/160.2 kB 2.5 MB/s eta 0:00:00
Collecting six>=1.5
  Using cached six-1.16.0-py2.py3-none-any.whl (11 kB)
Collecting joblib>=1.0.0
  Using cached joblib-1.1.0-py2.py3-none-any.whl (306 kB)
Collecting argparse
  Using cached argparse-1.4.0-py2.py3-none-any.whl (23 kB)
Collecting traceback2
  Using cached traceback2-1.4.0-py2.py3-none-any.whl (16 kB)
Collecting linecache2
  Using cached linecache2-1.0.0-py2.py3-none-any.whl (12 kB)
Using legacy 'setup.py install' for batchgenerators, since package 'wheel' is not installed.
Using legacy 'setup.py install' for dicom2nifti, since package 'wheel' is not installed.
Using legacy 'setup.py install' for medpy, since package 'wheel' is not installed.
Using legacy 'setup.py install' for sklearn, since package 'wheel' is not installed.
Using legacy 'setup.py install' for future, since package 'wheel' is not installed.
Installing collected packages: SimpleITK, pytz, linecache2, argparse, urllib3, traceback2, tifffile, threadpoolctl, six, scipy, PyWavelets, pyparsing, pydicom, networkx, kiwisolver, joblib, imageio, idna, future, fonttools, cycler, charset-normalizer, certifi, unittest2, scikit-learn, requests, python-dateutil, packaging, medpy, sklearn, scikit-image, pandas, nibabel, matplotlib, dicom2nifti, batchgenerators, nnunet
  Running setup.py install for future: started
  Running setup.py install for future: finished with status 'done'
  Running setup.py install for medpy: started
  Running setup.py install for medpy: finished with status 'done'
  Running setup.py install for sklearn: started
  Running setup.py install for sklearn: finished with status 'done'
  Running setup.py install for dicom2nifti: started
  Running setup.py install for dicom2nifti: finished with status 'done'
  Running setup.py install for batchgenerators: started
  Running setup.py install for batchgenerators: finished with status 'done'
  Running setup.py develop for nnunet
Successfully installed PyWavelets-1.3.0 SimpleITK-2.1.1.2 argparse-1.4.0 batchgenerators-0.24 certifi-2022.6.15 charset-normalizer-2.0.12 cycler-0.11.0 dicom2nifti-2.3.4 fonttools-4.33.3 future-0.18.2 idna-3.3 imageio-2.19.3 joblib-1.1.0 kiwisolver-1.4.3 linecache2-1.0.0 matplotlib-3.5.2 medpy-0.4.0 networkx-2.8.4 nibabel-3.2.2 nnunet-1.7.0 packaging-21.3 pandas-1.4.2 pydicom-2.3.0 pyparsing-3.0.9 python-dateutil-2.8.2 pytz-2022.1 requests-2.28.0 scikit-image-0.19.3 scikit-learn-1.1.1 scipy-1.8.1 six-1.16.0 sklearn-0.0 threadpoolctl-3.1.0 tifffile-2022.5.4 traceback2-1.4.0 unittest2-1.1.0 urllib3-1.26.9
